{"numTotalTestSuites":2,"numPassedTestSuites":2,"numFailedTestSuites":0,"numPendingTestSuites":0,"numTotalTests":8,"numPassedTests":8,"numFailedTests":0,"numPendingTests":0,"numTodoTests":0,"snapshot":{"added":0,"failure":false,"filesAdded":0,"filesRemoved":0,"filesRemovedList":[],"filesUnmatched":0,"filesUpdated":0,"matched":0,"total":0,"unchecked":0,"uncheckedKeysByFile":[],"unmatched":0,"updated":0,"didUpdate":false},"startTime":1756926337581,"success":true,"testResults":[{"assertionResults":[{"ancestorTitles":["SolutionCard"],"fullName":"SolutionCard renders with all required props","status":"passed","title":"renders with all required props","duration":25.607600000000048,"failureMessages":[],"meta":{}},{"ancestorTitles":["SolutionCard"],"fullName":"SolutionCard applies custom className correctly","status":"passed","title":"applies custom className correctly","duration":2.633199999999988,"failureMessages":[],"meta":{}},{"ancestorTitles":["SolutionCard"],"fullName":"SolutionCard navigates to href when clicked","status":"passed","title":"navigates to href when clicked","duration":4.492500000000064,"failureMessages":[],"meta":{}},{"ancestorTitles":["SolutionCard"],"fullName":"SolutionCard does not navigate when href is not provided","status":"passed","title":"does not navigate when href is not provided","duration":2.700399999999945,"failureMessages":[],"meta":{}},{"ancestorTitles":["SolutionCard"],"fullName":"SolutionCard handles titles with special characters correctly","status":"passed","title":"handles titles with special characters correctly","duration":1.9734000000000833,"failureMessages":[],"meta":{}},{"ancestorTitles":["SolutionCard"],"fullName":"SolutionCard has proper accessibility attributes","status":"passed","title":"has proper accessibility attributes","duration":27.49000000000001,"failureMessages":[],"meta":{}},{"ancestorTitles":["SolutionCard"],"fullName":"SolutionCard displays the arrow icon in learn more section","status":"passed","title":"displays the arrow icon in learn more section","duration":2.6574000000000524,"failureMessages":[],"meta":{}},{"ancestorTitles":["SolutionCard"],"fullName":"SolutionCard has hover effects applied","status":"passed","title":"has hover effects applied","duration":2.310699999999997,"failureMessages":[],"meta":{}}],"startTime":1756926338830,"endTime":1756926338899.3108,"status":"passed","message":"","name":"C:/Users/zochr/Desktop/GitHub/Strive_Website_Replit/tests/unit/solution-card.test.tsx"}]}